<?xml version="1.0" encoding="UTF-8"?>
<testsuites name="Catalogs Filters" time="213.609" tests="3" failures="0" errors="0">
   <testsuite name="Catalogs Filters" tests="3" failures="0" errors="0" time="213.609" skipped="0" timestamp="2021-12-03 23:32:08" hostname="abc-pc - DESKTOP-QR0UCBN" id="Test Suites/Catalogs Filters">
      <properties>
         <property name="deviceName" value=""/>
         <property name="devicePlatform" value=""/>
         <property name="logFolder" value="C:\\Users\\abc-pc\\git\\PrioTicketKatalon\\Reports\\20211203_233151\\Catalogs Filters\\20211203_233151"/>
         <property name="logFiles" value="C:\\Users\\abc-pc\\git\\PrioTicketKatalon\\Reports\\20211203_233151\\Catalogs Filters\\20211203_233151\\execution0.log"/>
         <property name="attachments" value=""/>
         <property name="hostName" value="abc-pc - DESKTOP-QR0UCBN"/>
         <property name="os" value="Windows 10 64bit"/>
         <property name="katalonVersion" value="8.2.0.208"/>
         <property name="browser" value="Chrome 96.0.4664.45"/>
         <property name="hostAddress" value="10.8.0.7"/>
         <property name="sessionId" value="a75606902475de55372fd98e0acbbed5"/>
         <property name="seleniumVersion" value="3.141.59"/>
         <property name="proxyInformation" value="ProxyInformation { proxyOption=NO_PROXY, proxyServerType=HTTP, username=, password=********, proxyServerAddress=, proxyServerPort=0, executionList=&quot;&quot;, isApplyToDesiredCapabilities=true }"/>
         <property name="platform" value="Windows 10"/>
      </properties>
      <testcase name="Test Cases/PrioTicket Catalog/Catalog Active Inactive All/direct_catalog_active_filter" time="83.949" classname="Test Cases/PrioTicket Catalog/Catalog Active Inactive All/direct_catalog_active_filter" status="PASSED">
         <system-out><![CDATA[2021-12-03 23:32:09 - [TEST_CASE][PASSED] - Test Cases/PrioTicket Catalog/Catalog Active Inactive All/direct_catalog_active_filter: Test Cases/PrioTicket Catalog/Catalog Active Inactive All/direct_catalog_active_filter

2021-12-03 23:32:10 - [TEST_STEP][PASSED] - callTestCase(findTestCase("Marketplace Redirection Catalogs/marketplace_redirection_catalog"), null): Call Test Case 'Test Cases/Marketplace Redirection Catalogs/marketplace_redirection_catalog' successfully

2021-12-03 23:32:11 - [TEST_CASE][PASSED] - Test Cases/Marketplace Redirection Catalogs/marketplace_redirection_catalog: Test Cases/Marketplace Redirection Catalogs/marketplace_redirection_catalog

2021-12-03 23:32:12 - [TEST_STEP][PASSED] - callTestCase(findTestCase("Test Cases/PrioTicket Login/PrioTicket Login"), null): Call Test Case 'Test Cases/PrioTicket Login/PrioTicket Login' successfully

2021-12-03 23:32:12 - [TEST_CASE][PASSED] - Test Cases/PrioTicket Login/PrioTicket Login: Test Cases/PrioTicket Login/PrioTicket Login

2021-12-03 23:32:13 - [TEST_STEP][PASSED] - openBrowser(urlLogin): Browser is opened with url: 'http://10.10.10.20/projects/testlogin.prioticket.com'

2021-12-03 23:32:14 - [MESSAGE][INFO] - Starting 'Chrome' driver

2021-12-03 23:32:14 - [MESSAGE][INFO] - Action delay is set to 0 milliseconds

2021-12-03 23:32:24 - [MESSAGE][PASSED] - Browser is opened with url: 'http://10.10.10.20/projects/testlogin.prioticket.com'

2021-12-03 23:32:24 - [TEST_STEP][PASSED] - maximizeWindow(): Current window maximized

2021-12-03 23:32:24 - [MESSAGE][PASSED] - Current window maximized

2021-12-03 23:32:24 - [TEST_STEP][PASSED] - delay(1): Delayed 1 second(s)

2021-12-03 23:32:25 - [MESSAGE][PASSED] - Delayed 1 second(s)

2021-12-03 23:32:25 - [TEST_STEP][PASSED] - setText(findTestObject("PrioTicket Login Objects/Username"), username): Text 'backend@yopmail.com' is set on object 'Object Repository/PrioTicket Login Objects/Username'

2021-12-03 23:32:27 - [MESSAGE][PASSED] - Text 'backend@yopmail.com' is set on object 'Object Repository/PrioTicket Login Objects/Username'

2021-12-03 23:32:27 - [TEST_STEP][PASSED] - setText(findTestObject("PrioTicket Login Objects/Password"), password): Text 'Admin@123' is set on object 'Object Repository/PrioTicket Login Objects/Password'

2021-12-03 23:32:28 - [MESSAGE][PASSED] - Text 'Admin@123' is set on object 'Object Repository/PrioTicket Login Objects/Password'

2021-12-03 23:32:28 - [TEST_STEP][PASSED] - text = getAttribute(findTestObject("PrioTicket Login Objects/domain_verify"), "src"): Attribute 'src' of object 'Object Repository/PrioTicket Login Objects/domain_verify' is: 'http://10.10.10.20/projects/testlogin.prioticket.com/assets/images/phub-logo-white.png?ver=1.3'

2021-12-03 23:32:28 - [MESSAGE][PASSED] - Attribute 'src' of object 'Object Repository/PrioTicket Login Objects/domain_verify' is: 'http://10.10.10.20/projects/testlogin.prioticket.com/assets/images/phub-logo-white.png?ver=1.3'

2021-12-03 23:32:28 - [TEST_STEP][PASSED] - if (text.contains("phub")): Object: 'Object Repository/PrioTicket Login Objects/SignIn_Button' is clicked on

2021-12-03 23:32:28 - [TEST_STEP][PASSED] - check(findTestObject("PrioTicket Login Objects/Terms_condition_checkbox")): Object 'Object Repository/PrioTicket Login Objects/Terms_condition_checkbox' is checked

2021-12-03 23:32:29 - [MESSAGE][PASSED] - Object 'Object Repository/PrioTicket Login Objects/Terms_condition_checkbox' is checked

2021-12-03 23:32:29 - [TEST_STEP][PASSED] - click(findTestObject("PrioTicket Login Objects/SignIn_Button")): Object: 'Object Repository/PrioTicket Login Objects/SignIn_Button' is clicked on

2021-12-03 23:32:30 - [MESSAGE][PASSED] - Object: 'Object Repository/PrioTicket Login Objects/SignIn_Button' is clicked on

2021-12-03 23:32:30 - [MESSAGE][PASSED] - Call Test Case 'Test Cases/PrioTicket Login/PrioTicket Login' successfully

2021-12-03 23:32:30 - [TEST_STEP][PASSED] - delay(6): Delayed 6 second(s)

2021-12-03 23:32:36 - [MESSAGE][PASSED] - Delayed 6 second(s)

2021-12-03 23:32:36 - [TEST_STEP][PASSED] - driver = getWebDriver(): null

2021-12-03 23:32:36 - [TEST_STEP][PASSED] - text = findWebElements(findTestObject("Marketplace Redirection Catalogs Objects/marketplace_redirection_catalogs"), 2): null

2021-12-03 23:32:41 - [TEST_STEP][PASSED] - count = findWebElements(findTestObject("Marketplace Redirection Catalogs Objects/marketplace_redirection_catalogs"), 2).size(): null

2021-12-03 23:32:41 - [TEST_STEP][PASSED] - println("Number of elements:" + count): null

2021-12-03 23:32:41 - [TEST_STEP][PASSED] - for ([i = 0, i < count, (i++)]): null

2021-12-03 23:32:41 - [TEST_STEP][PASSED] - textdata = get(i).getText(): null

2021-12-03 23:32:42 - [TEST_STEP][PASSED] - println(textdata): null

2021-12-03 23:32:42 - [TEST_STEP][PASSED] - if (textdata == "Channels"): null

2021-12-03 23:32:42 - [TEST_STEP][PASSED] - textdata = get(i).getText(): null

2021-12-03 23:32:43 - [TEST_STEP][PASSED] - println(textdata): null

2021-12-03 23:32:43 - [TEST_STEP][PASSED] - if (textdata == "Channels"): null

2021-12-03 23:32:43 - [TEST_STEP][PASSED] - textdata = get(i).getText(): null

2021-12-03 23:32:43 - [TEST_STEP][PASSED] - println(textdata): null

2021-12-03 23:32:43 - [TEST_STEP][PASSED] - if (textdata == "Channels"): null

2021-12-03 23:32:43 - [TEST_STEP][PASSED] - textdata = get(i).getText(): null

2021-12-03 23:32:44 - [TEST_STEP][PASSED] - println(textdata): null

2021-12-03 23:32:44 - [TEST_STEP][PASSED] - if (textdata == "Channels"): null

2021-12-03 23:32:44 - [TEST_STEP][PASSED] - textdata = get(i).getText(): null

2021-12-03 23:32:44 - [TEST_STEP][PASSED] - println(textdata): null

2021-12-03 23:32:44 - [TEST_STEP][PASSED] - if (textdata == "Channels"): null

2021-12-03 23:32:44 - [TEST_STEP][PASSED] - textdata = get(i).getText(): null

2021-12-03 23:32:45 - [TEST_STEP][PASSED] - println(textdata): null

2021-12-03 23:32:45 - [TEST_STEP][PASSED] - if (textdata == "Channels"): null

2021-12-03 23:32:45 - [TEST_STEP][PASSED] - textdata = get(i).getText(): null

2021-12-03 23:32:46 - [TEST_STEP][PASSED] - println(textdata): null

2021-12-03 23:32:46 - [TEST_STEP][PASSED] - if (textdata == "Channels"): null

2021-12-03 23:32:46 - [TEST_STEP][PASSED] - println("Data Fetched"): null

2021-12-03 23:32:46 - [TEST_STEP][PASSED] - get(i).click(): null

2021-12-03 23:32:46 - [TEST_STEP][PASSED] - break: null

2021-12-03 23:32:46 - [TEST_STEP][PASSED] - linkText("Catalogs")).click(): null

2021-12-03 23:32:50 - [MESSAGE][PASSED] - Call Test Case 'Test Cases/Marketplace Redirection Catalogs/marketplace_redirection_catalog' successfully

2021-12-03 23:32:50 - [TEST_STEP][PASSED] - callTestCase(findTestCase("PrioTicket Catalog/Catalog Active Inactive All/catalog_selection"), null): Call Test Case 'Test Cases/PrioTicket Catalog/Catalog Active Inactive All/catalog_selection' successfully

2021-12-03 23:32:50 - [TEST_CASE][PASSED] - Test Cases/PrioTicket Catalog/Catalog Active Inactive All/catalog_selection: Test Cases/PrioTicket Catalog/Catalog Active Inactive All/catalog_selection

2021-12-03 23:32:51 - [TEST_STEP][PASSED] - catalog_count = findWebElements(findTestObject("PrioTicket Catalog Objects/Catalog Active Inactive Objects/direct_catalog_click"), 2).size(): null

2021-12-03 23:32:53 - [TEST_STEP][PASSED] - println("No.of Direct catalog and Distributor Catalogs including Subcatalogs:" + catalog_count): null

2021-12-03 23:32:53 - [TEST_STEP][PASSED] - for ([i = 0, i < catalog_count, (i++)]): null

2021-12-03 23:32:53 - [TEST_STEP][PASSED] - catalogs_name = get(i).getText(): null

2021-12-03 23:32:54 - [TEST_STEP][PASSED] - println("Catalogs Headings:" + catalogs_name): null

2021-12-03 23:32:54 - [TEST_STEP][PASSED] - if (catalogs_name == catalogname): null

2021-12-03 23:32:54 - [TEST_STEP][PASSED] - println("Selected Catalog Verified"): null

2021-12-03 23:32:54 - [TEST_STEP][PASSED] - get(i).click(): null

2021-12-03 23:32:55 - [TEST_STEP][PASSED] - println("Catalog Clicked"): null

2021-12-03 23:32:55 - [TEST_STEP][PASSED] - break: null

2021-12-03 23:32:55 - [MESSAGE][PASSED] - Call Test Case 'Test Cases/PrioTicket Catalog/Catalog Active Inactive All/catalog_selection' successfully

2021-12-03 23:32:55 - [TEST_STEP][PASSED] - delay(5): Delayed 5 second(s)

2021-12-03 23:33:00 - [MESSAGE][PASSED] - Delayed 5 second(s)

2021-12-03 23:33:00 - [TEST_STEP][PASSED] - click(findTestObject("PrioTicket Catalog Objects/Catalog Active Inactive Objects/direct_active_button")): Object: 'Object Repository/PrioTicket Catalog Objects/Catalog Active Inactive Objects/direct_active_button' is clicked on

2021-12-03 23:33:01 - [MESSAGE][PASSED] - Object: 'Object Repository/PrioTicket Catalog Objects/Catalog Active Inactive Objects/direct_active_button' is clicked on

2021-12-03 23:33:01 - [TEST_STEP][PASSED] - active_products = findWebElements(findTestObject("PrioTicket Catalog Objects/Catalog Active Inactive Objects/toggle_button_listing"), 2).size(): null

2021-12-03 23:33:02 - [TEST_STEP][PASSED] - println("No.of Active Products:" + active_products): null

2021-12-03 23:33:02 - [TEST_STEP][PASSED] - if (active_products >= 10): null

2021-12-03 23:33:02 - [TEST_STEP][PASSED] - click(findTestObject("PrioTicket Catalog Objects/Catalog Active Inactive Objects/dropdown_pagination")): Object: 'Object Repository/PrioTicket Catalog Objects/Catalog Active Inactive Objects/dropdown_pagination' is clicked on

2021-12-03 23:33:03 - [MESSAGE][PASSED] - Object: 'Object Repository/PrioTicket Catalog Objects/Catalog Active Inactive Objects/dropdown_pagination' is clicked on

2021-12-03 23:33:03 - [TEST_STEP][PASSED] - paginationdropdown = findWebElements(findTestObject("PrioTicket Catalog Objects/Catalog Active Inactive Objects/pagination_dropdown_limit_selector"), 2).size(): null

2021-12-03 23:33:04 - [TEST_STEP][PASSED] - println("Number of elements:" + paginationdropdown): null

2021-12-03 23:33:04 - [TEST_STEP][PASSED] - for ([i = 0, i < paginationdropdown, (i++)]): null

2021-12-03 23:33:04 - [TEST_STEP][PASSED] - pageselect = get(i).getText(): null

2021-12-03 23:33:04 - [TEST_STEP][PASSED] - println("Page Selection Number:" + pageselect): null

2021-12-03 23:33:04 - [TEST_STEP][PASSED] - if (pageselect == "50"): null

2021-12-03 23:33:04 - [TEST_STEP][PASSED] - pageselect = get(i).getText(): null

2021-12-03 23:33:05 - [TEST_STEP][PASSED] - println("Page Selection Number:" + pageselect): null

2021-12-03 23:33:05 - [TEST_STEP][PASSED] - if (pageselect == "50"): null

2021-12-03 23:33:05 - [TEST_STEP][PASSED] - pageselect = get(i).getText(): null

2021-12-03 23:33:05 - [TEST_STEP][PASSED] - println("Page Selection Number:" + pageselect): null

2021-12-03 23:33:05 - [TEST_STEP][PASSED] - if (pageselect == "50"): null

2021-12-03 23:33:05 - [TEST_STEP][PASSED] - delay(5): Delayed 5 second(s)

2021-12-03 23:33:10 - [MESSAGE][PASSED] - Delayed 5 second(s)

2021-12-03 23:33:10 - [TEST_STEP][PASSED] - get(i).click(): null

2021-12-03 23:33:11 - [TEST_STEP][PASSED] - println("Pagination Clicked"): null

2021-12-03 23:33:11 - [TEST_STEP][PASSED] - break: null

2021-12-03 23:33:11 - [TEST_STEP][PASSED] - active_products1 = findWebElements(findTestObject("PrioTicket Catalog Objects/Catalog Active Inactive Objects/toggle_button_listing"), 2).size(): null

2021-12-03 23:33:12 - [TEST_STEP][PASSED] - println("No.of Active Products:" + active_products1): null

2021-12-03 23:33:12 - [TEST_STEP][PASSED] - total_active_products = active_products1: null

2021-12-03 23:33:12 - [TEST_STEP][PASSED] - pagination = findWebElements(findTestObject("PrioTicket Catalog Objects/Catalog Active Inactive Objects/direct_catalog_click"), 2): null

2021-12-03 23:33:13 - [TEST_STEP][PASSED] - paginationcount = findWebElements(findTestObject("PrioTicket Catalog Objects/Catalog Active Inactive Objects/pagination_catalog_active"), 2).size(): null

2021-12-03 23:33:13 - [TEST_STEP][PASSED] - println("Number of elements:" + paginationcount): null

2021-12-03 23:33:13 - [TEST_STEP][PASSED] - for ([i = 0, i < paginationcount, (i++)]): null

2021-12-03 23:33:13 - [TEST_STEP][PASSED] - textdata1 = get(i).getText(): null

2021-12-03 23:33:14 - [TEST_STEP][PASSED] - out.println("PaginationNumber:" + textdata1): null

2021-12-03 23:33:14 - [TEST_STEP][PASSED] - textdata1 = get(i).getText(): null

2021-12-03 23:33:15 - [TEST_STEP][PASSED] - out.println("PaginationNumber:" + textdata1): null

2021-12-03 23:33:15 - [TEST_STEP][PASSED] - textdata1 = get(i).getText(): null

2021-12-03 23:33:15 - [TEST_STEP][PASSED] - out.println("PaginationNumber:" + textdata1): null

2021-12-03 23:33:15 - [TEST_STEP][PASSED] - textdata1 = get(i).getText(): null

2021-12-03 23:33:16 - [TEST_STEP][PASSED] - out.println("PaginationNumber:" + textdata1): null

2021-12-03 23:33:16 - [TEST_STEP][PASSED] - textdata1 = get(i).getText(): null

2021-12-03 23:33:16 - [TEST_STEP][PASSED] - out.println("PaginationNumber:" + textdata1): null

2021-12-03 23:33:16 - [TEST_STEP][PASSED] - textdata1 = get(i).getText(): null

2021-12-03 23:33:17 - [TEST_STEP][PASSED] - out.println("PaginationNumber:" + textdata1): null

2021-12-03 23:33:17 - [TEST_STEP][PASSED] - textdata1 = get(i).getText(): null

2021-12-03 23:33:17 - [TEST_STEP][PASSED] - out.println("PaginationNumber:" + textdata1): null

2021-12-03 23:33:17 - [TEST_STEP][PASSED] - active_products123 = 0: null

2021-12-03 23:33:17 - [TEST_STEP][PASSED] - active_products12345 = <not implemented yet for class: org.codehaus.groovy.ast.expr.EmptyExpression>: null

2021-12-03 23:33:17 - [TEST_STEP][PASSED] - for ([f = 1, f < paginationcount, (f++)]): null

2021-12-03 23:33:17 - [TEST_STEP][PASSED] - get(f).click(): null

2021-12-03 23:33:18 - [TEST_STEP][PASSED] - active_products12345 = findWebElements(findTestObject("PrioTicket Catalog Objects/Catalog Active Inactive Objects/toggle_button_listing"), 2).size(): null

2021-12-03 23:33:19 - [TEST_STEP][PASSED] - active_products123 = active_products123 + active_products12345: null

2021-12-03 23:33:19 - [TEST_STEP][PASSED] - println("Number of elements:" + active_products123): null

2021-12-03 23:33:19 - [TEST_STEP][PASSED] - println("Pagination number:" + f): null

2021-12-03 23:33:19 - [TEST_STEP][PASSED] - get(f).click(): null

2021-12-03 23:33:20 - [TEST_STEP][PASSED] - active_products12345 = findWebElements(findTestObject("PrioTicket Catalog Objects/Catalog Active Inactive Objects/toggle_button_listing"), 2).size(): null

2021-12-03 23:33:22 - [TEST_STEP][PASSED] - active_products123 = active_products123 + active_products12345: null

2021-12-03 23:33:22 - [TEST_STEP][PASSED] - println("Number of elements:" + active_products123): null

2021-12-03 23:33:22 - [TEST_STEP][PASSED] - println("Pagination number:" + f): null

2021-12-03 23:33:22 - [TEST_STEP][PASSED] - get(f).click(): null

2021-12-03 23:33:22 - [TEST_STEP][PASSED] - active_products12345 = findWebElements(findTestObject("PrioTicket Catalog Objects/Catalog Active Inactive Objects/toggle_button_listing"), 2).size(): null

2021-12-03 23:33:24 - [TEST_STEP][PASSED] - active_products123 = active_products123 + active_products12345: null

2021-12-03 23:33:24 - [TEST_STEP][PASSED] - println("Number of elements:" + active_products123): null

2021-12-03 23:33:24 - [TEST_STEP][PASSED] - println("Pagination number:" + f): null

2021-12-03 23:33:24 - [TEST_STEP][PASSED] - get(f).click(): null

2021-12-03 23:33:25 - [TEST_STEP][PASSED] - active_products12345 = findWebElements(findTestObject("PrioTicket Catalog Objects/Catalog Active Inactive Objects/toggle_button_listing"), 2).size(): null

2021-12-03 23:33:26 - [TEST_STEP][PASSED] - active_products123 = active_products123 + active_products12345: null

2021-12-03 23:33:26 - [TEST_STEP][PASSED] - println("Number of elements:" + active_products123): null

2021-12-03 23:33:26 - [TEST_STEP][PASSED] - println("Pagination number:" + f): null

2021-12-03 23:33:26 - [TEST_STEP][PASSED] - get(f).click(): null

2021-12-03 23:33:27 - [TEST_STEP][PASSED] - active_products12345 = findWebElements(findTestObject("PrioTicket Catalog Objects/Catalog Active Inactive Objects/toggle_button_listing"), 2).size(): null

2021-12-03 23:33:28 - [TEST_STEP][PASSED] - active_products123 = active_products123 + active_products12345: null

2021-12-03 23:33:28 - [TEST_STEP][PASSED] - println("Number of elements:" + active_products123): null

2021-12-03 23:33:28 - [TEST_STEP][PASSED] - println("Pagination number:" + f): null

2021-12-03 23:33:28 - [TEST_STEP][PASSED] - get(f).click(): null

2021-12-03 23:33:29 - [TEST_STEP][PASSED] - active_products12345 = findWebElements(findTestObject("PrioTicket Catalog Objects/Catalog Active Inactive Objects/toggle_button_listing"), 2).size(): null

2021-12-03 23:33:30 - [TEST_STEP][PASSED] - active_products123 = active_products123 + active_products12345: null

2021-12-03 23:33:30 - [TEST_STEP][PASSED] - println("Number of elements:" + active_products123): null

2021-12-03 23:33:30 - [TEST_STEP][PASSED] - println("Pagination number:" + f): null

2021-12-03 23:33:30 - [TEST_STEP][PASSED] - Totals = total_active_products + active_products123: null

2021-12-03 23:33:30 - [TEST_STEP][PASSED] - println("Total No. of Active Products:" + Totals): null

2021-12-03 23:33:30 - [TEST_STEP][PASSED] - sum = String.valueOf(Totals): null

2021-12-03 23:33:30 - [TEST_STEP][PASSED] - product_count = findWebElement(findTestObject("PrioTicket Catalog Objects/Catalog Active Inactive Objects/product_count_on_catalogs"), 2).getText(): null

2021-12-03 23:33:31 - [TEST_STEP][PASSED] - if (product_count.contains(sum)): null

2021-12-03 23:33:31 - [TEST_STEP][PASSED] - print("Active Product count is Matched and Product Count=" + Totals + "    "): null

2021-12-03 23:33:31 - [TEST_STEP][PASSED] - closeBrowser(): Browser is closed

2021-12-03 23:33:33 - [MESSAGE][PASSED] - Browser is closed]]></system-out>
         <system-err><![CDATA[]]></system-err>
      </testcase>
      <testcase name="Test Cases/PrioTicket Catalog/Catalog Active Inactive All/direct_catalog_inactive_filter" time="58.161" classname="Test Cases/PrioTicket Catalog/Catalog Active Inactive All/direct_catalog_inactive_filter" status="PASSED">
         <system-out><![CDATA[2021-12-03 23:33:33 - [TEST_CASE][PASSED] - Test Cases/PrioTicket Catalog/Catalog Active Inactive All/direct_catalog_inactive_filter: Test Cases/PrioTicket Catalog/Catalog Active Inactive All/direct_catalog_inactive_filter

2021-12-03 23:33:34 - [TEST_STEP][PASSED] - callTestCase(findTestCase("Marketplace Redirection Catalogs/marketplace_redirection_catalog"), null): Call Test Case 'Test Cases/Marketplace Redirection Catalogs/marketplace_redirection_catalog' successfully

2021-12-03 23:33:34 - [TEST_CASE][PASSED] - Test Cases/Marketplace Redirection Catalogs/marketplace_redirection_catalog: Test Cases/Marketplace Redirection Catalogs/marketplace_redirection_catalog

2021-12-03 23:33:34 - [TEST_STEP][PASSED] - callTestCase(findTestCase("Test Cases/PrioTicket Login/PrioTicket Login"), null): Call Test Case 'Test Cases/PrioTicket Login/PrioTicket Login' successfully

2021-12-03 23:33:35 - [TEST_CASE][PASSED] - Test Cases/PrioTicket Login/PrioTicket Login: Test Cases/PrioTicket Login/PrioTicket Login

2021-12-03 23:33:35 - [TEST_STEP][PASSED] - openBrowser(urlLogin): Browser is opened with url: 'http://10.10.10.20/projects/testlogin.prioticket.com'

2021-12-03 23:33:35 - [MESSAGE][INFO] - Starting 'Chrome' driver

2021-12-03 23:33:35 - [MESSAGE][INFO] - Action delay is set to 0 milliseconds

2021-12-03 23:33:42 - [MESSAGE][PASSED] - Browser is opened with url: 'http://10.10.10.20/projects/testlogin.prioticket.com'

2021-12-03 23:33:42 - [TEST_STEP][PASSED] - maximizeWindow(): Current window maximized

2021-12-03 23:33:43 - [MESSAGE][PASSED] - Current window maximized

2021-12-03 23:33:43 - [TEST_STEP][PASSED] - delay(1): Delayed 1 second(s)

2021-12-03 23:33:44 - [MESSAGE][PASSED] - Delayed 1 second(s)

2021-12-03 23:33:44 - [TEST_STEP][PASSED] - setText(findTestObject("PrioTicket Login Objects/Username"), username): Text 'backend@yopmail.com' is set on object 'Object Repository/PrioTicket Login Objects/Username'

2021-12-03 23:33:45 - [MESSAGE][PASSED] - Text 'backend@yopmail.com' is set on object 'Object Repository/PrioTicket Login Objects/Username'

2021-12-03 23:33:45 - [TEST_STEP][PASSED] - setText(findTestObject("PrioTicket Login Objects/Password"), password): Text 'Admin@123' is set on object 'Object Repository/PrioTicket Login Objects/Password'

2021-12-03 23:33:46 - [MESSAGE][PASSED] - Text 'Admin@123' is set on object 'Object Repository/PrioTicket Login Objects/Password'

2021-12-03 23:33:46 - [TEST_STEP][PASSED] - text = getAttribute(findTestObject("PrioTicket Login Objects/domain_verify"), "src"): Attribute 'src' of object 'Object Repository/PrioTicket Login Objects/domain_verify' is: 'http://10.10.10.20/projects/testlogin.prioticket.com/assets/images/phub-logo-white.png?ver=1.3'

2021-12-03 23:33:47 - [MESSAGE][PASSED] - Attribute 'src' of object 'Object Repository/PrioTicket Login Objects/domain_verify' is: 'http://10.10.10.20/projects/testlogin.prioticket.com/assets/images/phub-logo-white.png?ver=1.3'

2021-12-03 23:33:47 - [TEST_STEP][PASSED] - if (text.contains("phub")): Object: 'Object Repository/PrioTicket Login Objects/SignIn_Button' is clicked on

2021-12-03 23:33:47 - [TEST_STEP][PASSED] - check(findTestObject("PrioTicket Login Objects/Terms_condition_checkbox")): Object 'Object Repository/PrioTicket Login Objects/Terms_condition_checkbox' is checked

2021-12-03 23:33:47 - [MESSAGE][PASSED] - Object 'Object Repository/PrioTicket Login Objects/Terms_condition_checkbox' is checked

2021-12-03 23:33:47 - [TEST_STEP][PASSED] - click(findTestObject("PrioTicket Login Objects/SignIn_Button")): Object: 'Object Repository/PrioTicket Login Objects/SignIn_Button' is clicked on

2021-12-03 23:33:48 - [MESSAGE][PASSED] - Object: 'Object Repository/PrioTicket Login Objects/SignIn_Button' is clicked on

2021-12-03 23:33:48 - [MESSAGE][PASSED] - Call Test Case 'Test Cases/PrioTicket Login/PrioTicket Login' successfully

2021-12-03 23:33:48 - [TEST_STEP][PASSED] - delay(6): Delayed 6 second(s)

2021-12-03 23:33:54 - [MESSAGE][PASSED] - Delayed 6 second(s)

2021-12-03 23:33:54 - [TEST_STEP][PASSED] - driver = getWebDriver(): null

2021-12-03 23:33:54 - [TEST_STEP][PASSED] - text = findWebElements(findTestObject("Marketplace Redirection Catalogs Objects/marketplace_redirection_catalogs"), 2): null

2021-12-03 23:33:58 - [TEST_STEP][PASSED] - count = findWebElements(findTestObject("Marketplace Redirection Catalogs Objects/marketplace_redirection_catalogs"), 2).size(): null

2021-12-03 23:33:58 - [TEST_STEP][PASSED] - println("Number of elements:" + count): null

2021-12-03 23:33:58 - [TEST_STEP][PASSED] - for ([i = 0, i < count, (i++)]): null

2021-12-03 23:33:58 - [TEST_STEP][PASSED] - textdata = get(i).getText(): null

2021-12-03 23:33:59 - [TEST_STEP][PASSED] - println(textdata): null

2021-12-03 23:33:59 - [TEST_STEP][PASSED] - if (textdata == "Channels"): null

2021-12-03 23:33:59 - [TEST_STEP][PASSED] - textdata = get(i).getText(): null

2021-12-03 23:33:59 - [TEST_STEP][PASSED] - println(textdata): null

2021-12-03 23:33:59 - [TEST_STEP][PASSED] - if (textdata == "Channels"): null

2021-12-03 23:33:59 - [TEST_STEP][PASSED] - textdata = get(i).getText(): null

2021-12-03 23:34:00 - [TEST_STEP][PASSED] - println(textdata): null

2021-12-03 23:34:00 - [TEST_STEP][PASSED] - if (textdata == "Channels"): null

2021-12-03 23:34:00 - [TEST_STEP][PASSED] - textdata = get(i).getText(): null

2021-12-03 23:34:01 - [TEST_STEP][PASSED] - println(textdata): null

2021-12-03 23:34:01 - [TEST_STEP][PASSED] - if (textdata == "Channels"): null

2021-12-03 23:34:01 - [TEST_STEP][PASSED] - textdata = get(i).getText(): null

2021-12-03 23:34:01 - [TEST_STEP][PASSED] - println(textdata): null

2021-12-03 23:34:01 - [TEST_STEP][PASSED] - if (textdata == "Channels"): null

2021-12-03 23:34:01 - [TEST_STEP][PASSED] - textdata = get(i).getText(): null

2021-12-03 23:34:02 - [TEST_STEP][PASSED] - println(textdata): null

2021-12-03 23:34:02 - [TEST_STEP][PASSED] - if (textdata == "Channels"): null

2021-12-03 23:34:02 - [TEST_STEP][PASSED] - textdata = get(i).getText(): null

2021-12-03 23:34:02 - [TEST_STEP][PASSED] - println(textdata): null

2021-12-03 23:34:02 - [TEST_STEP][PASSED] - if (textdata == "Channels"): null

2021-12-03 23:34:02 - [TEST_STEP][PASSED] - println("Data Fetched"): null

2021-12-03 23:34:02 - [TEST_STEP][PASSED] - get(i).click(): null

2021-12-03 23:34:03 - [TEST_STEP][PASSED] - break: null

2021-12-03 23:34:03 - [TEST_STEP][PASSED] - linkText("Catalogs")).click(): null

2021-12-03 23:34:06 - [MESSAGE][PASSED] - Call Test Case 'Test Cases/Marketplace Redirection Catalogs/marketplace_redirection_catalog' successfully

2021-12-03 23:34:06 - [TEST_STEP][PASSED] - callTestCase(findTestCase("PrioTicket Catalog/Catalog Active Inactive All/catalog_selection"), null): Call Test Case 'Test Cases/PrioTicket Catalog/Catalog Active Inactive All/catalog_selection' successfully

2021-12-03 23:34:06 - [TEST_CASE][PASSED] - Test Cases/PrioTicket Catalog/Catalog Active Inactive All/catalog_selection: Test Cases/PrioTicket Catalog/Catalog Active Inactive All/catalog_selection

2021-12-03 23:34:06 - [TEST_STEP][PASSED] - catalog_count = findWebElements(findTestObject("PrioTicket Catalog Objects/Catalog Active Inactive Objects/direct_catalog_click"), 2).size(): null

2021-12-03 23:34:07 - [TEST_STEP][PASSED] - println("No.of Direct catalog and Distributor Catalogs including Subcatalogs:" + catalog_count): null

2021-12-03 23:34:07 - [TEST_STEP][PASSED] - for ([i = 0, i < catalog_count, (i++)]): null

2021-12-03 23:34:07 - [TEST_STEP][PASSED] - catalogs_name = get(i).getText(): null

2021-12-03 23:34:08 - [TEST_STEP][PASSED] - println("Catalogs Headings:" + catalogs_name): null

2021-12-03 23:34:08 - [TEST_STEP][PASSED] - if (catalogs_name == catalogname): null

2021-12-03 23:34:08 - [TEST_STEP][PASSED] - println("Selected Catalog Verified"): null

2021-12-03 23:34:08 - [TEST_STEP][PASSED] - get(i).click(): null

2021-12-03 23:34:09 - [TEST_STEP][PASSED] - println("Catalog Clicked"): null

2021-12-03 23:34:09 - [TEST_STEP][PASSED] - break: null

2021-12-03 23:34:09 - [MESSAGE][PASSED] - Call Test Case 'Test Cases/PrioTicket Catalog/Catalog Active Inactive All/catalog_selection' successfully

2021-12-03 23:34:09 - [TEST_STEP][PASSED] - delay(5): Delayed 5 second(s)

2021-12-03 23:34:14 - [MESSAGE][PASSED] - Delayed 5 second(s)

2021-12-03 23:34:14 - [TEST_STEP][PASSED] - click(findTestObject("PrioTicket Catalog Objects/Catalog Active Inactive Objects/direct_inactive_button")): Object: 'Object Repository/PrioTicket Catalog Objects/Catalog Active Inactive Objects/direct_inactive_button' is clicked on

2021-12-03 23:34:15 - [MESSAGE][PASSED] - Object: 'Object Repository/PrioTicket Catalog Objects/Catalog Active Inactive Objects/direct_inactive_button' is clicked on

2021-12-03 23:34:15 - [TEST_STEP][PASSED] - Inactive_products = findWebElements(findTestObject("PrioTicket Catalog Objects/Catalog Active Inactive Objects/toggle_button_listing"), 2).size(): null

2021-12-03 23:34:17 - [TEST_STEP][PASSED] - println("No.of Active Products:" + Inactive_products): null

2021-12-03 23:34:17 - [TEST_STEP][PASSED] - if (Inactive_products >= 10): null

2021-12-03 23:34:17 - [TEST_STEP][PASSED] - click(findTestObject("PrioTicket Catalog Objects/Catalog Active Inactive Objects/dropdown_pagination")): Object: 'Object Repository/PrioTicket Catalog Objects/Catalog Active Inactive Objects/dropdown_pagination' is clicked on

2021-12-03 23:34:18 - [MESSAGE][PASSED] - Object: 'Object Repository/PrioTicket Catalog Objects/Catalog Active Inactive Objects/dropdown_pagination' is clicked on

2021-12-03 23:34:18 - [TEST_STEP][PASSED] - paginationdropdown = findWebElements(findTestObject("PrioTicket Catalog Objects/Catalog Active Inactive Objects/pagination_dropdown_limit_selector"), 2).size(): null

2021-12-03 23:34:18 - [TEST_STEP][PASSED] - println("Number of elements:" + paginationdropdown): null

2021-12-03 23:34:18 - [TEST_STEP][PASSED] - for ([i = 0, i < paginationdropdown, (i++)]): null

2021-12-03 23:34:18 - [TEST_STEP][PASSED] - pageselect = get(i).getText(): null

2021-12-03 23:34:19 - [TEST_STEP][PASSED] - println("Page Selection Number:" + pageselect): null

2021-12-03 23:34:19 - [TEST_STEP][PASSED] - if (pageselect == "50"): null

2021-12-03 23:34:19 - [TEST_STEP][PASSED] - pageselect = get(i).getText(): null

2021-12-03 23:34:19 - [TEST_STEP][PASSED] - println("Page Selection Number:" + pageselect): null

2021-12-03 23:34:19 - [TEST_STEP][PASSED] - if (pageselect == "50"): null

2021-12-03 23:34:19 - [TEST_STEP][PASSED] - pageselect = get(i).getText(): null

2021-12-03 23:34:20 - [TEST_STEP][PASSED] - println("Page Selection Number:" + pageselect): null

2021-12-03 23:34:20 - [TEST_STEP][PASSED] - if (pageselect == "50"): null

2021-12-03 23:34:20 - [TEST_STEP][PASSED] - delay(5): Delayed 5 second(s)

2021-12-03 23:34:25 - [MESSAGE][PASSED] - Delayed 5 second(s)

2021-12-03 23:34:25 - [TEST_STEP][PASSED] - get(i).click(): null

2021-12-03 23:34:25 - [TEST_STEP][PASSED] - println("Pagination Clicked"): null

2021-12-03 23:34:25 - [TEST_STEP][PASSED] - break: null

2021-12-03 23:34:25 - [TEST_STEP][PASSED] - Inactive_products1 = findWebElements(findTestObject("PrioTicket Catalog Objects/Catalog Active Inactive Objects/toggle_button_listing"), 2).size(): null

2021-12-03 23:34:27 - [TEST_STEP][PASSED] - println("No.of Active Products:" + Inactive_products1): null

2021-12-03 23:34:27 - [TEST_STEP][PASSED] - total_Inactive_products = Inactive_products1: null

2021-12-03 23:34:27 - [TEST_STEP][PASSED] - pagination = findWebElements(findTestObject("PrioTicket Catalog Objects/Catalog Active Inactive Objects/direct_catalog_click"), 2): null

2021-12-03 23:34:27 - [TEST_STEP][PASSED] - paginationcount = findWebElements(findTestObject("PrioTicket Catalog Objects/Catalog Active Inactive Objects/pagination_catalog_active"), 2).size(): null

2021-12-03 23:34:28 - [TEST_STEP][PASSED] - println("Number of elements:" + paginationcount): null

2021-12-03 23:34:28 - [TEST_STEP][PASSED] - for ([i = 0, i < paginationcount, (i++)]): null

2021-12-03 23:34:28 - [TEST_STEP][PASSED] - textdata1 = get(i).getText(): null

2021-12-03 23:34:28 - [TEST_STEP][PASSED] - out.println("PaginationNumber:" + textdata1): null

2021-12-03 23:34:28 - [TEST_STEP][PASSED] - Inactive_products123 = 0: null

2021-12-03 23:34:28 - [TEST_STEP][PASSED] - Inactive_products12345 = <not implemented yet for class: org.codehaus.groovy.ast.expr.EmptyExpression>: null

2021-12-03 23:34:28 - [TEST_STEP][PASSED] - for ([f = 1, f < paginationcount, (f++)]): null

2021-12-03 23:34:28 - [TEST_STEP][PASSED] - Totals = total_Inactive_products + Inactive_products123: null

2021-12-03 23:34:28 - [TEST_STEP][PASSED] - println("Total No. of Active Products:" + Totals): null

2021-12-03 23:34:28 - [TEST_STEP][PASSED] - sum = String.valueOf(Totals): null

2021-12-03 23:34:28 - [TEST_STEP][PASSED] - product_count = findWebElement(findTestObject("PrioTicket Catalog Objects/Catalog Active Inactive Objects/product_count_on_catalogs"), 2).getText(): null

2021-12-03 23:34:29 - [TEST_STEP][PASSED] - if (product_count.contains(sum)): null

2021-12-03 23:34:29 - [TEST_STEP][PASSED] - else: null

2021-12-03 23:34:29 - [TEST_STEP][PASSED] - println("Error in Inactive Product Filter"): null

2021-12-03 23:34:29 - [TEST_STEP][PASSED] - closeBrowser(): Browser is closed

2021-12-03 23:34:31 - [MESSAGE][PASSED] - Browser is closed]]></system-out>
         <system-err><![CDATA[]]></system-err>
      </testcase>
      <testcase name="Test Cases/PrioTicket Catalog/Catalog Active Inactive All/direct_catalog_all_filter" time="70.645" classname="Test Cases/PrioTicket Catalog/Catalog Active Inactive All/direct_catalog_all_filter" status="PASSED">
         <system-out><![CDATA[2021-12-03 23:34:31 - [TEST_CASE][PASSED] - Test Cases/PrioTicket Catalog/Catalog Active Inactive All/direct_catalog_all_filter: Test Cases/PrioTicket Catalog/Catalog Active Inactive All/direct_catalog_all_filter

2021-12-03 23:34:32 - [TEST_STEP][PASSED] - callTestCase(findTestCase("Marketplace Redirection Catalogs/marketplace_redirection_catalog"), null): Call Test Case 'Test Cases/Marketplace Redirection Catalogs/marketplace_redirection_catalog' successfully

2021-12-03 23:34:32 - [TEST_CASE][PASSED] - Test Cases/Marketplace Redirection Catalogs/marketplace_redirection_catalog: Test Cases/Marketplace Redirection Catalogs/marketplace_redirection_catalog

2021-12-03 23:34:32 - [TEST_STEP][PASSED] - callTestCase(findTestCase("Test Cases/PrioTicket Login/PrioTicket Login"), null): Call Test Case 'Test Cases/PrioTicket Login/PrioTicket Login' successfully

2021-12-03 23:34:32 - [TEST_CASE][PASSED] - Test Cases/PrioTicket Login/PrioTicket Login: Test Cases/PrioTicket Login/PrioTicket Login

2021-12-03 23:34:33 - [TEST_STEP][PASSED] - openBrowser(urlLogin): Browser is opened with url: 'http://10.10.10.20/projects/testlogin.prioticket.com'

2021-12-03 23:34:33 - [MESSAGE][INFO] - Starting 'Chrome' driver

2021-12-03 23:34:33 - [MESSAGE][INFO] - Action delay is set to 0 milliseconds

2021-12-03 23:34:40 - [MESSAGE][PASSED] - Browser is opened with url: 'http://10.10.10.20/projects/testlogin.prioticket.com'

2021-12-03 23:34:40 - [TEST_STEP][PASSED] - maximizeWindow(): Current window maximized

2021-12-03 23:34:40 - [MESSAGE][PASSED] - Current window maximized

2021-12-03 23:34:40 - [TEST_STEP][PASSED] - delay(1): Delayed 1 second(s)

2021-12-03 23:34:41 - [MESSAGE][PASSED] - Delayed 1 second(s)

2021-12-03 23:34:41 - [TEST_STEP][PASSED] - setText(findTestObject("PrioTicket Login Objects/Username"), username): Text 'backend@yopmail.com' is set on object 'Object Repository/PrioTicket Login Objects/Username'

2021-12-03 23:34:42 - [MESSAGE][PASSED] - Text 'backend@yopmail.com' is set on object 'Object Repository/PrioTicket Login Objects/Username'

2021-12-03 23:34:42 - [TEST_STEP][PASSED] - setText(findTestObject("PrioTicket Login Objects/Password"), password): Text 'Admin@123' is set on object 'Object Repository/PrioTicket Login Objects/Password'

2021-12-03 23:34:43 - [MESSAGE][PASSED] - Text 'Admin@123' is set on object 'Object Repository/PrioTicket Login Objects/Password'

2021-12-03 23:34:43 - [TEST_STEP][PASSED] - text = getAttribute(findTestObject("PrioTicket Login Objects/domain_verify"), "src"): Attribute 'src' of object 'Object Repository/PrioTicket Login Objects/domain_verify' is: 'http://10.10.10.20/projects/testlogin.prioticket.com/assets/images/phub-logo-white.png?ver=1.3'

2021-12-03 23:34:44 - [MESSAGE][PASSED] - Attribute 'src' of object 'Object Repository/PrioTicket Login Objects/domain_verify' is: 'http://10.10.10.20/projects/testlogin.prioticket.com/assets/images/phub-logo-white.png?ver=1.3'

2021-12-03 23:34:44 - [TEST_STEP][PASSED] - if (text.contains("phub")): Object: 'Object Repository/PrioTicket Login Objects/SignIn_Button' is clicked on

2021-12-03 23:34:44 - [TEST_STEP][PASSED] - check(findTestObject("PrioTicket Login Objects/Terms_condition_checkbox")): Object 'Object Repository/PrioTicket Login Objects/Terms_condition_checkbox' is checked

2021-12-03 23:34:44 - [MESSAGE][PASSED] - Object 'Object Repository/PrioTicket Login Objects/Terms_condition_checkbox' is checked

2021-12-03 23:34:44 - [TEST_STEP][PASSED] - click(findTestObject("PrioTicket Login Objects/SignIn_Button")): Object: 'Object Repository/PrioTicket Login Objects/SignIn_Button' is clicked on

2021-12-03 23:34:45 - [MESSAGE][PASSED] - Object: 'Object Repository/PrioTicket Login Objects/SignIn_Button' is clicked on

2021-12-03 23:34:45 - [MESSAGE][PASSED] - Call Test Case 'Test Cases/PrioTicket Login/PrioTicket Login' successfully

2021-12-03 23:34:45 - [TEST_STEP][PASSED] - delay(6): Delayed 6 second(s)

2021-12-03 23:34:51 - [MESSAGE][PASSED] - Delayed 6 second(s)

2021-12-03 23:34:51 - [TEST_STEP][PASSED] - driver = getWebDriver(): null

2021-12-03 23:34:51 - [TEST_STEP][PASSED] - text = findWebElements(findTestObject("Marketplace Redirection Catalogs Objects/marketplace_redirection_catalogs"), 2): null

2021-12-03 23:34:53 - [TEST_STEP][PASSED] - count = findWebElements(findTestObject("Marketplace Redirection Catalogs Objects/marketplace_redirection_catalogs"), 2).size(): null

2021-12-03 23:34:54 - [TEST_STEP][PASSED] - println("Number of elements:" + count): null

2021-12-03 23:34:54 - [TEST_STEP][PASSED] - for ([i = 0, i < count, (i++)]): null

2021-12-03 23:34:54 - [TEST_STEP][PASSED] - textdata = get(i).getText(): null

2021-12-03 23:34:54 - [TEST_STEP][PASSED] - println(textdata): null

2021-12-03 23:34:54 - [TEST_STEP][PASSED] - if (textdata == "Channels"): null

2021-12-03 23:34:54 - [TEST_STEP][PASSED] - textdata = get(i).getText(): null

2021-12-03 23:34:55 - [TEST_STEP][PASSED] - println(textdata): null

2021-12-03 23:34:55 - [TEST_STEP][PASSED] - if (textdata == "Channels"): null

2021-12-03 23:34:55 - [TEST_STEP][PASSED] - textdata = get(i).getText(): null

2021-12-03 23:34:56 - [TEST_STEP][PASSED] - println(textdata): null

2021-12-03 23:34:56 - [TEST_STEP][PASSED] - if (textdata == "Channels"): null

2021-12-03 23:34:56 - [TEST_STEP][PASSED] - textdata = get(i).getText(): null

2021-12-03 23:34:56 - [TEST_STEP][PASSED] - println(textdata): null

2021-12-03 23:34:56 - [TEST_STEP][PASSED] - if (textdata == "Channels"): null

2021-12-03 23:34:56 - [TEST_STEP][PASSED] - textdata = get(i).getText(): null

2021-12-03 23:34:57 - [TEST_STEP][PASSED] - println(textdata): null

2021-12-03 23:34:57 - [TEST_STEP][PASSED] - if (textdata == "Channels"): null

2021-12-03 23:34:57 - [TEST_STEP][PASSED] - textdata = get(i).getText(): null

2021-12-03 23:34:57 - [TEST_STEP][PASSED] - println(textdata): null

2021-12-03 23:34:57 - [TEST_STEP][PASSED] - if (textdata == "Channels"): null

2021-12-03 23:34:57 - [TEST_STEP][PASSED] - textdata = get(i).getText(): null

2021-12-03 23:34:58 - [TEST_STEP][PASSED] - println(textdata): null

2021-12-03 23:34:58 - [TEST_STEP][PASSED] - if (textdata == "Channels"): null

2021-12-03 23:34:58 - [TEST_STEP][PASSED] - println("Data Fetched"): null

2021-12-03 23:34:58 - [TEST_STEP][PASSED] - get(i).click(): null

2021-12-03 23:34:58 - [TEST_STEP][PASSED] - break: null

2021-12-03 23:34:58 - [TEST_STEP][PASSED] - linkText("Catalogs")).click(): null

2021-12-03 23:35:02 - [MESSAGE][PASSED] - Call Test Case 'Test Cases/Marketplace Redirection Catalogs/marketplace_redirection_catalog' successfully

2021-12-03 23:35:02 - [TEST_STEP][PASSED] - callTestCase(findTestCase("PrioTicket Catalog/Catalog Active Inactive All/catalog_selection"), null): Call Test Case 'Test Cases/PrioTicket Catalog/Catalog Active Inactive All/catalog_selection' successfully

2021-12-03 23:35:02 - [TEST_CASE][PASSED] - Test Cases/PrioTicket Catalog/Catalog Active Inactive All/catalog_selection: Test Cases/PrioTicket Catalog/Catalog Active Inactive All/catalog_selection

2021-12-03 23:35:02 - [TEST_STEP][PASSED] - catalog_count = findWebElements(findTestObject("PrioTicket Catalog Objects/Catalog Active Inactive Objects/direct_catalog_click"), 2).size(): null

2021-12-03 23:35:02 - [TEST_STEP][PASSED] - println("No.of Direct catalog and Distributor Catalogs including Subcatalogs:" + catalog_count): null

2021-12-03 23:35:02 - [TEST_STEP][PASSED] - for ([i = 0, i < catalog_count, (i++)]): null

2021-12-03 23:35:02 - [TEST_STEP][PASSED] - catalogs_name = get(i).getText(): null

2021-12-03 23:35:03 - [TEST_STEP][PASSED] - println("Catalogs Headings:" + catalogs_name): null

2021-12-03 23:35:03 - [TEST_STEP][PASSED] - if (catalogs_name == catalogname): null

2021-12-03 23:35:03 - [TEST_STEP][PASSED] - println("Selected Catalog Verified"): null

2021-12-03 23:35:03 - [TEST_STEP][PASSED] - get(i).click(): null

2021-12-03 23:35:07 - [TEST_STEP][PASSED] - println("Catalog Clicked"): null

2021-12-03 23:35:07 - [TEST_STEP][PASSED] - break: null

2021-12-03 23:35:07 - [MESSAGE][PASSED] - Call Test Case 'Test Cases/PrioTicket Catalog/Catalog Active Inactive All/catalog_selection' successfully

2021-12-03 23:35:07 - [TEST_STEP][PASSED] - delay(5): Delayed 5 second(s)

2021-12-03 23:35:12 - [MESSAGE][PASSED] - Delayed 5 second(s)

2021-12-03 23:35:12 - [TEST_STEP][PASSED] - click(findTestObject("PrioTicket Catalog Objects/Catalog Active Inactive Objects/direct_all_button")): Object: 'Object Repository/PrioTicket Catalog Objects/Catalog Active Inactive Objects/direct_all_button' is clicked on

2021-12-03 23:35:13 - [MESSAGE][PASSED] - Object: 'Object Repository/PrioTicket Catalog Objects/Catalog Active Inactive Objects/direct_all_button' is clicked on

2021-12-03 23:35:13 - [TEST_STEP][PASSED] - active_products = findWebElements(findTestObject("PrioTicket Catalog Objects/Catalog Active Inactive Objects/toggle_button_listing"), 2).size(): null

2021-12-03 23:35:14 - [TEST_STEP][PASSED] - println("No.of Active Products:" + active_products): null

2021-12-03 23:35:14 - [TEST_STEP][PASSED] - if (active_products >= 10): null

2021-12-03 23:35:14 - [TEST_STEP][PASSED] - click(findTestObject("PrioTicket Catalog Objects/Catalog Active Inactive Objects/dropdown_pagination")): Object: 'Object Repository/PrioTicket Catalog Objects/Catalog Active Inactive Objects/dropdown_pagination' is clicked on

2021-12-03 23:35:15 - [MESSAGE][PASSED] - Object: 'Object Repository/PrioTicket Catalog Objects/Catalog Active Inactive Objects/dropdown_pagination' is clicked on

2021-12-03 23:35:15 - [TEST_STEP][PASSED] - paginationdropdown = findWebElements(findTestObject("PrioTicket Catalog Objects/Catalog Active Inactive Objects/pagination_dropdown_limit_selector"), 2).size(): null

2021-12-03 23:35:15 - [TEST_STEP][PASSED] - println("Number of elements:" + paginationdropdown): null

2021-12-03 23:35:15 - [TEST_STEP][PASSED] - for ([i = 0, i < paginationdropdown, (i++)]): null

2021-12-03 23:35:15 - [TEST_STEP][PASSED] - pageselect = get(i).getText(): null

2021-12-03 23:35:16 - [TEST_STEP][PASSED] - println("Page Selection Number:" + pageselect): null

2021-12-03 23:35:16 - [TEST_STEP][PASSED] - if (pageselect == "50"): null

2021-12-03 23:35:16 - [TEST_STEP][PASSED] - pageselect = get(i).getText(): null

2021-12-03 23:35:17 - [TEST_STEP][PASSED] - println("Page Selection Number:" + pageselect): null

2021-12-03 23:35:17 - [TEST_STEP][PASSED] - if (pageselect == "50"): null

2021-12-03 23:35:17 - [TEST_STEP][PASSED] - pageselect = get(i).getText(): null

2021-12-03 23:35:17 - [TEST_STEP][PASSED] - println("Page Selection Number:" + pageselect): null

2021-12-03 23:35:17 - [TEST_STEP][PASSED] - if (pageselect == "50"): null

2021-12-03 23:35:17 - [TEST_STEP][PASSED] - delay(5): Delayed 5 second(s)

2021-12-03 23:35:22 - [MESSAGE][PASSED] - Delayed 5 second(s)

2021-12-03 23:35:22 - [TEST_STEP][PASSED] - get(i).click(): null

2021-12-03 23:35:23 - [TEST_STEP][PASSED] - println("Pagination Clicked"): null

2021-12-03 23:35:23 - [TEST_STEP][PASSED] - break: null

2021-12-03 23:35:23 - [TEST_STEP][PASSED] - active_products1 = findWebElements(findTestObject("PrioTicket Catalog Objects/Catalog Active Inactive Objects/toggle_button_listing"), 2).size(): null

2021-12-03 23:35:24 - [TEST_STEP][PASSED] - println("No.of Active Products:" + active_products1): null

2021-12-03 23:35:24 - [TEST_STEP][PASSED] - total_active_products = active_products1: null

2021-12-03 23:35:24 - [TEST_STEP][PASSED] - pagination = findWebElements(findTestObject("PrioTicket Catalog Objects/Catalog Active Inactive Objects/direct_catalog_click"), 2): null

2021-12-03 23:35:25 - [TEST_STEP][PASSED] - paginationcount = findWebElements(findTestObject("PrioTicket Catalog Objects/Catalog Active Inactive Objects/pagination_catalog_active"), 2).size(): null

2021-12-03 23:35:25 - [TEST_STEP][PASSED] - println("Number of elements:" + paginationcount): null

2021-12-03 23:35:25 - [TEST_STEP][PASSED] - for ([i = 0, i < paginationcount, (i++)]): null

2021-12-03 23:35:25 - [TEST_STEP][PASSED] - textdata1 = get(i).getText(): null

2021-12-03 23:35:26 - [TEST_STEP][PASSED] - out.println("PaginationNumber:" + textdata1): null

2021-12-03 23:35:26 - [TEST_STEP][PASSED] - textdata1 = get(i).getText(): null

2021-12-03 23:35:26 - [TEST_STEP][PASSED] - out.println("PaginationNumber:" + textdata1): null

2021-12-03 23:35:26 - [TEST_STEP][PASSED] - textdata1 = get(i).getText(): null

2021-12-03 23:35:27 - [TEST_STEP][PASSED] - out.println("PaginationNumber:" + textdata1): null

2021-12-03 23:35:27 - [TEST_STEP][PASSED] - textdata1 = get(i).getText(): null

2021-12-03 23:35:27 - [TEST_STEP][PASSED] - out.println("PaginationNumber:" + textdata1): null

2021-12-03 23:35:27 - [TEST_STEP][PASSED] - textdata1 = get(i).getText(): null

2021-12-03 23:35:28 - [TEST_STEP][PASSED] - out.println("PaginationNumber:" + textdata1): null

2021-12-03 23:35:28 - [TEST_STEP][PASSED] - textdata1 = get(i).getText(): null

2021-12-03 23:35:28 - [TEST_STEP][PASSED] - out.println("PaginationNumber:" + textdata1): null

2021-12-03 23:35:28 - [TEST_STEP][PASSED] - active_products123 = 0: null

2021-12-03 23:35:28 - [TEST_STEP][PASSED] - active_products12345 = <not implemented yet for class: org.codehaus.groovy.ast.expr.EmptyExpression>: null

2021-12-03 23:35:28 - [TEST_STEP][PASSED] - for ([f = 1, f < paginationcount, (f++)]): null

2021-12-03 23:35:28 - [TEST_STEP][PASSED] - get(f).click(): null

2021-12-03 23:35:29 - [TEST_STEP][PASSED] - active_products12345 = findWebElements(findTestObject("PrioTicket Catalog Objects/Catalog Active Inactive Objects/toggle_button_listing"), 2).size(): null

2021-12-03 23:35:31 - [TEST_STEP][PASSED] - active_products123 = active_products123 + active_products12345: null

2021-12-03 23:35:31 - [TEST_STEP][PASSED] - println("Number of elements:" + active_products123): null

2021-12-03 23:35:31 - [TEST_STEP][PASSED] - println("Pagination number:" + f): null

2021-12-03 23:35:31 - [TEST_STEP][PASSED] - get(f).click(): null

2021-12-03 23:35:31 - [TEST_STEP][PASSED] - active_products12345 = findWebElements(findTestObject("PrioTicket Catalog Objects/Catalog Active Inactive Objects/toggle_button_listing"), 2).size(): null

2021-12-03 23:35:33 - [TEST_STEP][PASSED] - active_products123 = active_products123 + active_products12345: null

2021-12-03 23:35:33 - [TEST_STEP][PASSED] - println("Number of elements:" + active_products123): null

2021-12-03 23:35:33 - [TEST_STEP][PASSED] - println("Pagination number:" + f): null

2021-12-03 23:35:33 - [TEST_STEP][PASSED] - get(f).click(): null

2021-12-03 23:35:33 - [TEST_STEP][PASSED] - active_products12345 = findWebElements(findTestObject("PrioTicket Catalog Objects/Catalog Active Inactive Objects/toggle_button_listing"), 2).size(): null

2021-12-03 23:35:35 - [TEST_STEP][PASSED] - active_products123 = active_products123 + active_products12345: null

2021-12-03 23:35:35 - [TEST_STEP][PASSED] - println("Number of elements:" + active_products123): null

2021-12-03 23:35:35 - [TEST_STEP][PASSED] - println("Pagination number:" + f): null

2021-12-03 23:35:35 - [TEST_STEP][PASSED] - get(f).click(): null

2021-12-03 23:35:36 - [TEST_STEP][PASSED] - active_products12345 = findWebElements(findTestObject("PrioTicket Catalog Objects/Catalog Active Inactive Objects/toggle_button_listing"), 2).size(): null

2021-12-03 23:35:37 - [TEST_STEP][PASSED] - active_products123 = active_products123 + active_products12345: null

2021-12-03 23:35:37 - [TEST_STEP][PASSED] - println("Number of elements:" + active_products123): null

2021-12-03 23:35:37 - [TEST_STEP][PASSED] - println("Pagination number:" + f): null

2021-12-03 23:35:37 - [TEST_STEP][PASSED] - get(f).click(): null

2021-12-03 23:35:38 - [TEST_STEP][PASSED] - active_products12345 = findWebElements(findTestObject("PrioTicket Catalog Objects/Catalog Active Inactive Objects/toggle_button_listing"), 2).size(): null

2021-12-03 23:35:39 - [TEST_STEP][PASSED] - active_products123 = active_products123 + active_products12345: null

2021-12-03 23:35:39 - [TEST_STEP][PASSED] - println("Number of elements:" + active_products123): null

2021-12-03 23:35:39 - [TEST_STEP][PASSED] - println("Pagination number:" + f): null

2021-12-03 23:35:39 - [TEST_STEP][PASSED] - Totals = total_active_products + active_products123: null

2021-12-03 23:35:39 - [TEST_STEP][PASSED] - println("Total No. of Active Products:" + Totals): null

2021-12-03 23:35:39 - [TEST_STEP][PASSED] - sum = String.valueOf(Totals): null

2021-12-03 23:35:39 - [TEST_STEP][PASSED] - product_count = findWebElement(findTestObject("PrioTicket Catalog Objects/Catalog Active Inactive Objects/product_count_on_catalogs"), 2).getText(): null

2021-12-03 23:35:40 - [TEST_STEP][PASSED] - if (product_count.contains(sum)): null

2021-12-03 23:35:40 - [TEST_STEP][PASSED] - else: null

2021-12-03 23:35:40 - [TEST_STEP][PASSED] - println("Error in Active Product Filter"): null

2021-12-03 23:35:40 - [TEST_STEP][PASSED] - closeBrowser(): Browser is closed

2021-12-03 23:35:42 - [MESSAGE][PASSED] - Browser is closed]]></system-out>
         <system-err><![CDATA[]]></system-err>
      </testcase>
      <system-out><![CDATA[2021-12-03 23:32:08 - [TEST_SUITE][PASSED] - Catalogs Filters: Test Cases/PrioTicket Catalog/Catalog Active Inactive All/direct_catalog_all_filter]]></system-out>
      <system-err><![CDATA[]]></system-err>
   </testsuite>
</testsuites>
